<?xml version="1.0" encoding="UTF-8"?>
<testng-results skipped="0" failed="0" ignored="0" total="2" passed="2">
  <reporter-output>
  </reporter-output>
  <suite name="Default suite" duration-ms="35" started-at="2017-07-05T08:57:53Z" finished-at="2017-07-05T08:57:53Z">
    <groups>
    </groups>
    <test name="Default test" duration-ms="35" started-at="2017-07-05T08:57:53Z" finished-at="2017-07-05T08:57:53Z">
      <class name="pck1.NewTest">
        <test-method status="PASS" signature="beforeSuite()[pri:0, instance:pck1.NewTest@4de8b406]" name="beforeSuite" is-config="true" duration-ms="12" started-at="2017-07-05T14:27:53Z" finished-at="2017-07-05T14:27:53Z">
          <reporter-output>
          </reporter-output>
        </test-method> <!-- beforeSuite -->
        <test-method status="PASS" signature="beforeTest()[pri:0, instance:pck1.NewTest@4de8b406]" name="beforeTest" is-config="true" duration-ms="0" started-at="2017-07-05T14:27:53Z" finished-at="2017-07-05T14:27:53Z">
          <reporter-output>
          </reporter-output>
        </test-method> <!-- beforeTest -->
        <test-method status="PASS" signature="beforeClass()[pri:0, instance:pck1.NewTest@4de8b406]" name="beforeClass" is-config="true" duration-ms="0" started-at="2017-07-05T14:27:53Z" finished-at="2017-07-05T14:27:53Z">
          <reporter-output>
          </reporter-output>
        </test-method> <!-- beforeClass -->
        <test-method status="PASS" signature="f()[pri:0, instance:pck1.NewTest@4de8b406]" name="f" duration-ms="5" started-at="2017-07-05T14:27:53Z" finished-at="2017-07-05T14:27:53Z">
          <reporter-output>
          </reporter-output>
        </test-method> <!-- f -->
        <test-method status="PASS" signature="beforeMethod()[pri:0, instance:pck1.NewTest@4de8b406]" name="beforeMethod" is-config="true" duration-ms="0" started-at="2017-07-05T14:27:53Z" finished-at="2017-07-05T14:27:53Z">
          <reporter-output>
          </reporter-output>
        </test-method> <!-- beforeMethod -->
        <test-method status="PASS" signature="afterMethod()[pri:0, instance:pck1.NewTest@4de8b406]" name="afterMethod" is-config="true" duration-ms="1" started-at="2017-07-05T14:27:53Z" finished-at="2017-07-05T14:27:53Z">
          <reporter-output>
          </reporter-output>
        </test-method> <!-- afterMethod -->
        <test-method status="PASS" signature="beforeMethod()[pri:0, instance:pck1.NewTest@4de8b406]" name="beforeMethod" is-config="true" duration-ms="1" started-at="2017-07-05T14:27:53Z" finished-at="2017-07-05T14:27:53Z">
          <reporter-output>
          </reporter-output>
        </test-method> <!-- beforeMethod -->
        <test-method status="PASS" signature="f1()[pri:0, instance:pck1.NewTest@4de8b406]" name="f1" duration-ms="3" started-at="2017-07-05T14:27:53Z" finished-at="2017-07-05T14:27:53Z">
          <reporter-output>
          </reporter-output>
        </test-method> <!-- f1 -->
        <test-method status="PASS" signature="afterMethod()[pri:0, instance:pck1.NewTest@4de8b406]" name="afterMethod" is-config="true" duration-ms="0" started-at="2017-07-05T14:27:53Z" finished-at="2017-07-05T14:27:53Z">
          <reporter-output>
          </reporter-output>
        </test-method> <!-- afterMethod -->
        <test-method status="PASS" signature="afterClass()[pri:0, instance:pck1.NewTest@4de8b406]" name="afterClass" is-config="true" duration-ms="1" started-at="2017-07-05T14:27:53Z" finished-at="2017-07-05T14:27:53Z">
          <reporter-output>
          </reporter-output>
        </test-method> <!-- afterClass -->
        <test-method status="PASS" signature="afterTest()[pri:0, instance:pck1.NewTest@4de8b406]" name="afterTest" is-config="true" duration-ms="1" started-at="2017-07-05T14:27:53Z" finished-at="2017-07-05T14:27:53Z">
          <reporter-output>
          </reporter-output>
        </test-method> <!-- afterTest -->
        <test-method status="PASS" signature="afterSuite()[pri:0, instance:pck1.NewTest@4de8b406]" name="afterSuite" is-config="true" duration-ms="0" started-at="2017-07-05T14:27:53Z" finished-at="2017-07-05T14:27:53Z">
          <reporter-output>
          </reporter-output>
        </test-method> <!-- afterSuite -->
      </class> <!-- pck1.NewTest -->
    </test> <!-- Default test -->
  </suite> <!-- Default suite -->
</testng-results>
